<?xml version="1.0" encoding="UTF-8"?>
<!-- Generated by org.testng.reporters.JUnitReportReporter -->
<testsuite hostname="NX00391" failures="0" tests="1" name="Sign_up" time="11.925" errors="0" timestamp="2023-03-29T09:51:04 PKT" skipped="0">
  <testcase classname="Sign_up" name="Register_user" time="11.925"/>
  <system-out/>
</testsuite> <!-- Sign_up -->
