<?xml version="1.0" encoding="UTF-8"?>
<!-- Generated by org.testng.reporters.JUnitReportReporter -->
<testsuite hostname="NX00391" failures="0" tests="1" name="page_package.LoginPage" time="4.408" errors="0" timestamp="2023-03-30T11:27:09 PKT" skipped="0">
  <testcase classname="page_package.LoginPage" name="Login_Page" time="4.408"/>
  <system-out/>
</testsuite> <!-- page_package.LoginPage -->
